<?xml version="1.0" encoding="UTF-8"?>
<!-- Generated by org.testng.reporters.JUnitXMLReporter -->
<testsuite ignored="0" hostname="DESKTOP-OVC9B5E" failures="1" tests="2" name="Run on Chrome" time="13.895" errors="0" timestamp="19 May 2022 19:23:22 GMT">
  <testcase classname="com.bankguru.user.Level_15_Log_Report_HTML" name="TC_01_Register_To_System" time="4.083"/>
  <testcase classname="com.bankguru.user.Level_15_Log_Report_HTML" name="TC_02_Login_To_System" time="2.232">
    <failure type="java.lang.AssertionError" message="expected [Welcome To Manager&amp;apos;s Page of Guru99 Bankdfasd ., ] but found [Welcome To Manager&amp;apos;s Page of Guru99 Bank]">
      <![CDATA[java.lang.AssertionError: expected [Welcome To Manager's Page of Guru99 Bankdfasd ., ] but found [Welcome To Manager's Page of Guru99 Bank]
at commons.AbstractTest.checkEquals(AbstractTest.java:174)
at commons.AbstractTest.verifyEquals(AbstractTest.java:185)
at com.bankguru.user.Level_15_Log_Report_HTML.TC_02_Login_To_System(Level_15_Log_Report_HTML.java:65)
... Removed 30 stack frames]]>
    </failure>
  </testcase> <!-- TC_02_Login_To_System -->
</testsuite> <!-- Run on Chrome -->
