<?xml version="1.0" encoding="UTF-8"?>
<!-- Generated by org.testng.reporters.JUnitXMLReporter -->
<testsuite ignored="0" hostname="DESKTOP-OVC9B5E" failures="0" tests="8" name="Run on Chrome" time="129.589" errors="0" timestamp="24 May 2022 19:23:11 GMT">
  <testcase classname="com.bankguru.user.Level_16_Share_Class_State_01" name="TC_01_Create_New_Account" time="0.006"/>
  <testcase classname="com.bankguru.user.Level_16_Share_Class_State_01" name="TC_02_View_Account" time="0.001"/>
  <testcase classname="com.bankguru.user.Level_16_Share_Class_State_01" name="TC_03_Edit_Account" time="0.002"/>
  <testcase classname="com.bankguru.user.Level_16_Share_Class_State_01" name="TC_04_Delete_Account" time="0.001"/>
  <testcase classname="com.bankguru.user.Level_16_Share_Class_State_02" name="TC_01_Create_New_Customer" time="0.002"/>
  <testcase classname="com.bankguru.user.Level_16_Share_Class_State_02" name="TC_02_View_Customer" time="0.001"/>
  <testcase classname="com.bankguru.user.Level_16_Share_Class_State_02" name="TC_03_Edit_Customer" time="0.001"/>
  <testcase classname="com.bankguru.user.Level_16_Share_Class_State_02" name="TC_04_Delete_Customer" time="0.002"/>
</testsuite> <!-- Run on Chrome -->
