<?xml version="1.0" encoding="UTF-8"?>
<!-- Generated by org.testng.reporters.JUnitXMLReporter -->
<testsuite ignored="0" hostname="DESKTOP-OVC9B5E" failures="0" tests="4" name="Run on headless Chrome" time="5.086" errors="0" timestamp="01 May 2022 17:50:40 GMT">
  <testcase classname="com.bankguru.user.Level_07_Parallel_ThreadLocal" name="TC_01_Register_To_System" time="0.002"/>
  <testcase classname="com.bankguru.user.Level_07_Parallel_ThreadLocal" name="TC_02_Login_To_System" time="0.001"/>
  <testcase classname="com.bankguru.user.Level_07_Parallel_ThreadLocal" name="TC_03_New_Customer" time="0.001"/>
  <testcase classname="com.bankguru.user.Level_07_Parallel_ThreadLocal" name="TC_04_Logout" time="0.001"/>
</testsuite> <!-- Run on headless Chrome -->
