<?xml version="1.0" encoding="UTF-8"?>
<!-- Generated by org.testng.reporters.JUnitXMLReporter -->
<testsuite ignored="0" hostname="DESKTOP-OVC9B5E" failures="0" tests="2" name="Run on Chrome" time="29.93" errors="0" timestamp="19 May 2022 17:58:42 GMT">
  <testcase classname="com.bankguru.user.Level_15_Log_Report_HTML" name="TC_01_Register_To_System" time="3.963"/>
  <testcase classname="com.bankguru.user.Level_15_Log_Report_HTML" name="TC_02_Login_To_System" time="17.739"/>
</testsuite> <!-- Run on Chrome -->
