<?xml version="1.0" encoding="UTF-8"?>
<!-- Generated by org.testng.reporters.JUnitXMLReporter -->
<testsuite ignored="0" hostname="DESKTOP-OVC9B5E" failures="0" tests="4" name="Run on Firefox" time="40.897" errors="0" timestamp="02 May 2022 15:52:47 GMT">
  <testcase classname="com.bankguru.user.Level_07_Parallel_ThreadLocal" name="TC_01_Register_To_System" time="3.93"/>
  <testcase classname="com.bankguru.user.Level_07_Parallel_ThreadLocal" name="TC_02_Login_To_System" time="3.088"/>
  <testcase classname="com.bankguru.user.Level_07_Parallel_ThreadLocal" name="TC_03_New_Customer" time="2.625"/>
  <testcase classname="com.bankguru.user.Level_07_Parallel_ThreadLocal" name="TC_04_Logout" time="2.675"/>
</testsuite> <!-- Run on Firefox -->
