<?xml version="1.0" encoding="UTF-8"?>
<testng-results ignored="0" total="8" passed="8" failed="0" skipped="0">
  <reporter-output>
    <line>
      <![CDATA[[INFO ] [2022-05-25 02:22:00,395] Pre-condition: Open chrome and Navigate to app url
<br>]]>
    </line>
    <line>
      <![CDATA[[INFO ] [2022-05-25 02:22:25,600] Pre-Condition 01 - Step 01: Input to UserID textbox
<br>]]>
    </line>
    <line>
      <![CDATA[[INFO ] [2022-05-25 02:22:25,779] Pre-Condition 01 - Step 02: Input to Password textbox
<br>]]>
    </line>
    <line>
      <![CDATA[[INFO ] [2022-05-25 02:22:25,909] Pre-Condition 01 - Step 03: Input to Login button
<br>]]>
    </line>
    <line>
      <![CDATA[[INFO ] [2022-05-25 02:22:33,902] Postcondition - Close browser
<br>]]>
    </line>
    <line>
      <![CDATA[[INFO ] [2022-05-25 02:22:34,112] Pre-condition: Open chrome and Navigate to app url
<br>]]>
    </line>
    <line>
      <![CDATA[[INFO ] [2022-05-25 02:23:00,546] Pre-Condition 01 - Step 01: Input to UserID textbox
<br>]]>
    </line>
    <line>
      <![CDATA[[INFO ] [2022-05-25 02:23:00,781] Pre-Condition 01 - Step 02: Input to Password textbox
<br>]]>
    </line>
    <line>
      <![CDATA[[INFO ] [2022-05-25 02:23:00,900] Pre-Condition 01 - Step 03: Input to Login button
<br>]]>
    </line>
    <line>
      <![CDATA[[INFO ] [2022-05-25 02:23:10,305] Postcondition - Close browser
<br>]]>
    </line>
  </reporter-output>
  <suite started-at="2022-05-24T19:21:01Z" name="Bank Guru" finished-at="2022-05-24T19:23:11Z" duration-ms="129589">
    <groups>
    </groups>
    <test started-at="2022-05-24T19:21:01Z" name="Run on Chrome" finished-at="2022-05-24T19:23:11Z" duration-ms="129589">
      <class name="com.bankguru.user.Level_16_Share_Class_State_02">
        <test-method is-config="true" signature="beforeClass(java.lang.String)[pri:0, instance:com.bankguru.user.Level_16_Share_Class_State_02@15888343]" started-at="2022-05-24T19:22:34Z" name="beforeClass" finished-at="2022-05-24T19:23:10Z" duration-ms="36180" status="PASS">
          <params>
            <param index="0">
              <value>
                <![CDATA[chrome]]>
              </value>
            </param>
          </params>
          <reporter-output>
            <line>
              <![CDATA[[INFO ] [2022-05-25 02:22:34,112] Pre-condition: Open chrome and Navigate to app url
<br>]]>
            </line>
            <line>
              <![CDATA[[INFO ] [2022-05-25 02:23:00,546] Pre-Condition 01 - Step 01: Input to UserID textbox
<br>]]>
            </line>
            <line>
              <![CDATA[[INFO ] [2022-05-25 02:23:00,781] Pre-Condition 01 - Step 02: Input to Password textbox
<br>]]>
            </line>
            <line>
              <![CDATA[[INFO ] [2022-05-25 02:23:00,900] Pre-Condition 01 - Step 03: Input to Login button
<br>]]>
            </line>
          </reporter-output>
        </test-method> <!-- beforeClass -->
        <test-method signature="TC_01_Create_New_Customer()[pri:0, instance:com.bankguru.user.Level_16_Share_Class_State_02@15888343]" started-at="2022-05-24T19:23:10Z" name="TC_01_Create_New_Customer" finished-at="2022-05-24T19:23:10Z" duration-ms="2" status="PASS">
          <reporter-output>
          </reporter-output>
        </test-method> <!-- TC_01_Create_New_Customer -->
        <test-method signature="TC_02_View_Customer()[pri:0, instance:com.bankguru.user.Level_16_Share_Class_State_02@15888343]" started-at="2022-05-24T19:23:10Z" name="TC_02_View_Customer" finished-at="2022-05-24T19:23:10Z" duration-ms="1" status="PASS">
          <reporter-output>
          </reporter-output>
        </test-method> <!-- TC_02_View_Customer -->
        <test-method signature="TC_03_Edit_Customer()[pri:0, instance:com.bankguru.user.Level_16_Share_Class_State_02@15888343]" started-at="2022-05-24T19:23:10Z" name="TC_03_Edit_Customer" finished-at="2022-05-24T19:23:10Z" duration-ms="1" status="PASS">
          <reporter-output>
          </reporter-output>
        </test-method> <!-- TC_03_Edit_Customer -->
        <test-method signature="TC_04_Delete_Customer()[pri:0, instance:com.bankguru.user.Level_16_Share_Class_State_02@15888343]" started-at="2022-05-24T19:23:10Z" name="TC_04_Delete_Customer" finished-at="2022-05-24T19:23:10Z" duration-ms="2" status="PASS">
          <reporter-output>
          </reporter-output>
        </test-method> <!-- TC_04_Delete_Customer -->
        <test-method is-config="true" signature="afterClass()[pri:0, instance:com.bankguru.user.Level_16_Share_Class_State_02@15888343]" started-at="2022-05-24T19:23:10Z" name="afterClass" finished-at="2022-05-24T19:23:11Z" duration-ms="788" status="PASS">
          <reporter-output>
            <line>
              <![CDATA[[INFO ] [2022-05-25 02:23:10,305] Postcondition - Close browser
<br>]]>
            </line>
          </reporter-output>
        </test-method> <!-- afterClass -->
      </class> <!-- com.bankguru.user.Level_16_Share_Class_State_02 -->
      <class name="com.bankguru.common.Common_01_Register">
        <test-method is-config="true" signature="beforeClass(java.lang.String)[pri:0, instance:com.bankguru.common.Common_01_Register@d554c5f]" started-at="2022-05-24T19:21:01Z" name="beforeClass" finished-at="2022-05-24T19:22:00Z" duration-ms="58879" status="PASS">
          <params>
            <param index="0">
              <value>
                <![CDATA[chrome]]>
              </value>
            </param>
          </params>
          <reporter-output>
          </reporter-output>
        </test-method> <!-- beforeClass -->
      </class> <!-- com.bankguru.common.Common_01_Register -->
      <class name="com.bankguru.user.Level_16_Share_Class_State_01">
        <test-method is-config="true" signature="beforeClass(java.lang.String)[pri:0, instance:com.bankguru.user.Level_16_Share_Class_State_01@2dfaea86]" started-at="2022-05-24T19:22:00Z" name="beforeClass" finished-at="2022-05-24T19:22:33Z" duration-ms="33481" status="PASS">
          <params>
            <param index="0">
              <value>
                <![CDATA[chrome]]>
              </value>
            </param>
          </params>
          <reporter-output>
            <line>
              <![CDATA[[INFO ] [2022-05-25 02:22:00,395] Pre-condition: Open chrome and Navigate to app url
<br>]]>
            </line>
            <line>
              <![CDATA[[INFO ] [2022-05-25 02:22:25,600] Pre-Condition 01 - Step 01: Input to UserID textbox
<br>]]>
            </line>
            <line>
              <![CDATA[[INFO ] [2022-05-25 02:22:25,779] Pre-Condition 01 - Step 02: Input to Password textbox
<br>]]>
            </line>
            <line>
              <![CDATA[[INFO ] [2022-05-25 02:22:25,909] Pre-Condition 01 - Step 03: Input to Login button
<br>]]>
            </line>
          </reporter-output>
        </test-method> <!-- beforeClass -->
        <test-method signature="TC_01_Create_New_Account()[pri:0, instance:com.bankguru.user.Level_16_Share_Class_State_01@2dfaea86]" started-at="2022-05-24T19:22:33Z" name="TC_01_Create_New_Account" finished-at="2022-05-24T19:22:33Z" duration-ms="6" status="PASS">
          <reporter-output>
          </reporter-output>
        </test-method> <!-- TC_01_Create_New_Account -->
        <test-method signature="TC_02_View_Account()[pri:0, instance:com.bankguru.user.Level_16_Share_Class_State_01@2dfaea86]" started-at="2022-05-24T19:22:33Z" name="TC_02_View_Account" finished-at="2022-05-24T19:22:33Z" duration-ms="1" status="PASS">
          <reporter-output>
          </reporter-output>
        </test-method> <!-- TC_02_View_Account -->
        <test-method signature="TC_03_Edit_Account()[pri:0, instance:com.bankguru.user.Level_16_Share_Class_State_01@2dfaea86]" started-at="2022-05-24T19:22:33Z" name="TC_03_Edit_Account" finished-at="2022-05-24T19:22:33Z" duration-ms="2" status="PASS">
          <reporter-output>
          </reporter-output>
        </test-method> <!-- TC_03_Edit_Account -->
        <test-method signature="TC_04_Delete_Account()[pri:0, instance:com.bankguru.user.Level_16_Share_Class_State_01@2dfaea86]" started-at="2022-05-24T19:22:33Z" name="TC_04_Delete_Account" finished-at="2022-05-24T19:22:33Z" duration-ms="1" status="PASS">
          <reporter-output>
          </reporter-output>
        </test-method> <!-- TC_04_Delete_Account -->
        <test-method is-config="true" signature="afterClass()[pri:0, instance:com.bankguru.user.Level_16_Share_Class_State_01@2dfaea86]" started-at="2022-05-24T19:22:33Z" name="afterClass" finished-at="2022-05-24T19:22:34Z" duration-ms="207" status="PASS">
          <reporter-output>
            <line>
              <![CDATA[[INFO ] [2022-05-25 02:22:33,902] Postcondition - Close browser
<br>]]>
            </line>
          </reporter-output>
        </test-method> <!-- afterClass -->
      </class> <!-- com.bankguru.user.Level_16_Share_Class_State_01 -->
    </test> <!-- Run on Chrome -->
  </suite> <!-- Bank Guru -->
</testng-results>
